2024-07-23 18:07:44 Notice: Notice (1024): Element Not Found: Elements/affiliate.ctp in [/var/www/html/lib/Cake/View/View.php, line 425]
Trace:
ErrorHandler::handleError() - CORE/Cake/Error/ErrorHandler.php, line 230
View::element() - CORE/Cake/View/View.php, line 425
include - APP/View/Users/signup.ctp, line 547
View::_evaluate() - CORE/Cake/View/View.php, line 971
View::_render() - CORE/Cake/View/View.php, line 933
View::render() - CORE/Cake/View/View.php, line 473
Controller::render() - CORE/Cake/Controller/Controller.php, line 963
Dispatcher::_invoke() - CORE/Cake/Routing/Dispatcher.php, line 200
Dispatcher::dispatch() - CORE/Cake/Routing/Dispatcher.php, line 167
[main] - APP/webroot/index.php, line 179

2024-07-23 18:08:54 Notice: Notice (1024): Element Not Found: Elements/affiliate.ctp in [/var/www/html/lib/Cake/View/View.php, line 425]
Trace:
ErrorHandler::handleError() - CORE/Cake/Error/ErrorHandler.php, line 230
View::element() - CORE/Cake/View/View.php, line 425
include - APP/View/Users/signup.ctp, line 547
View::_evaluate() - CORE/Cake/View/View.php, line 971
View::_render() - CORE/Cake/View/View.php, line 933
View::render() - CORE/Cake/View/View.php, line 473
Controller::render() - CORE/Cake/Controller/Controller.php, line 963
Dispatcher::_invoke() - CORE/Cake/Routing/Dispatcher.php, line 200
Dispatcher::dispatch() - CORE/Cake/Routing/Dispatcher.php, line 167
[main] - APP/webroot/index.php, line 179

2024-07-23 18:09:37 Notice: Notice (1024): Element Not Found: Elements/affiliate.ctp in [/var/www/html/lib/Cake/View/View.php, line 425]
Trace:
ErrorHandler::handleError() - CORE/Cake/Error/ErrorHandler.php, line 230
View::element() - CORE/Cake/View/View.php, line 425
include - APP/View/Users/signup.ctp, line 547
View::_evaluate() - CORE/Cake/View/View.php, line 971
View::_render() - CORE/Cake/View/View.php, line 933
View::render() - CORE/Cake/View/View.php, line 473
Controller::render() - CORE/Cake/Controller/Controller.php, line 963
Dispatcher::_invoke() - CORE/Cake/Routing/Dispatcher.php, line 200
Dispatcher::dispatch() - CORE/Cake/Routing/Dispatcher.php, line 167
[main] - APP/webroot/index.php, line 179

2024-07-23 18:16:18 Notice: Notice (1024): Element Not Found: Elements/affiliate.ctp in [/var/www/html/lib/Cake/View/View.php, line 425]
Trace:
ErrorHandler::handleError() - CORE/Cake/Error/ErrorHandler.php, line 230
View::element() - CORE/Cake/View/View.php, line 425
include - APP/View/Users/signup.ctp, line 547
View::_evaluate() - CORE/Cake/View/View.php, line 971
View::_render() - CORE/Cake/View/View.php, line 933
View::render() - CORE/Cake/View/View.php, line 473
Controller::render() - CORE/Cake/Controller/Controller.php, line 963
Dispatcher::_invoke() - CORE/Cake/Routing/Dispatcher.php, line 200
Dispatcher::dispatch() - CORE/Cake/Routing/Dispatcher.php, line 167
[main] - APP/webroot/index.php, line 179

2024-07-23 18:21:34 Notice: Notice (1024): Element Not Found: Elements/affiliate.ctp in [/var/www/html/lib/Cake/View/View.php, line 425]
Trace:
ErrorHandler::handleError() - CORE/Cake/Error/ErrorHandler.php, line 230
View::element() - CORE/Cake/View/View.php, line 425
include - APP/View/Users/signup.ctp, line 547
View::_evaluate() - CORE/Cake/View/View.php, line 971
View::_render() - CORE/Cake/View/View.php, line 933
View::render() - CORE/Cake/View/View.php, line 473
Controller::render() - CORE/Cake/Controller/Controller.php, line 963
Dispatcher::_invoke() - CORE/Cake/Routing/Dispatcher.php, line 200
Dispatcher::dispatch() - CORE/Cake/Routing/Dispatcher.php, line 167
[main] - APP/webroot/index.php, line 179

2024-07-23 18:41:43 Notice: Notice (1024): Element Not Found: Elements/affiliate.ctp in [/var/www/html/lib/Cake/View/View.php, line 425]
Trace:
ErrorHandler::handleError() - CORE/Cake/Error/ErrorHandler.php, line 230
View::element() - CORE/Cake/View/View.php, line 425
include - APP/View/Users/signup.ctp, line 547
View::_evaluate() - CORE/Cake/View/View.php, line 971
View::_render() - CORE/Cake/View/View.php, line 933
View::render() - CORE/Cake/View/View.php, line 473
Controller::render() - CORE/Cake/Controller/Controller.php, line 963
Dispatcher::_invoke() - CORE/Cake/Routing/Dispatcher.php, line 200
Dispatcher::dispatch() - CORE/Cake/Routing/Dispatcher.php, line 167
[main] - APP/webroot/index.php, line 179

2024-07-23 18:43:19 Notice: Notice (1024): Element Not Found: Elements/affiliate.ctp in [/var/www/html/lib/Cake/View/View.php, line 425]
Trace:
ErrorHandler::handleError() - CORE/Cake/Error/ErrorHandler.php, line 230
View::element() - CORE/Cake/View/View.php, line 425
include - APP/View/Users/signup.ctp, line 547
View::_evaluate() - CORE/Cake/View/View.php, line 971
View::_render() - CORE/Cake/View/View.php, line 933
View::render() - CORE/Cake/View/View.php, line 473
Controller::render() - CORE/Cake/Controller/Controller.php, line 963
Dispatcher::_invoke() - CORE/Cake/Routing/Dispatcher.php, line 200
Dispatcher::dispatch() - CORE/Cake/Routing/Dispatcher.php, line 167
[main] - APP/webroot/index.php, line 179

2024-07-23 18:45:16 Notice: Notice (1024): Element Not Found: Elements/affiliate.ctp in [/var/www/html/lib/Cake/View/View.php, line 425]
Trace:
ErrorHandler::handleError() - CORE/Cake/Error/ErrorHandler.php, line 230
View::element() - CORE/Cake/View/View.php, line 425
include - APP/View/Users/signup.ctp, line 547
View::_evaluate() - CORE/Cake/View/View.php, line 971
View::_render() - CORE/Cake/View/View.php, line 933
View::render() - CORE/Cake/View/View.php, line 473
Controller::render() - CORE/Cake/Controller/Controller.php, line 963
Dispatcher::_invoke() - CORE/Cake/Routing/Dispatcher.php, line 200
Dispatcher::dispatch() - CORE/Cake/Routing/Dispatcher.php, line 167
[main] - APP/webroot/index.php, line 179

2024-07-23 18:46:47 Notice: Notice (1024): Element Not Found: Elements/affiliate.ctp in [/var/www/html/lib/Cake/View/View.php, line 425]
Trace:
ErrorHandler::handleError() - CORE/Cake/Error/ErrorHandler.php, line 230
View::element() - CORE/Cake/View/View.php, line 425
include - APP/View/Users/signup.ctp, line 547
View::_evaluate() - CORE/Cake/View/View.php, line 971
View::_render() - CORE/Cake/View/View.php, line 933
View::render() - CORE/Cake/View/View.php, line 473
Controller::render() - CORE/Cake/Controller/Controller.php, line 963
Dispatcher::_invoke() - CORE/Cake/Routing/Dispatcher.php, line 200
Dispatcher::dispatch() - CORE/Cake/Routing/Dispatcher.php, line 167
[main] - APP/webroot/index.php, line 179

2024-07-29 12:46:04 Notice: Notice (1024): Element Not Found: Elements/affiliate.ctp in [/var/www/html/lib/Cake/View/View.php, line 425]
Trace:
ErrorHandler::handleError() - CORE/Cake/Error/ErrorHandler.php, line 230
View::element() - CORE/Cake/View/View.php, line 425
include - APP/View/Users/signup.ctp, line 547
View::_evaluate() - CORE/Cake/View/View.php, line 971
View::_render() - CORE/Cake/View/View.php, line 933
View::render() - CORE/Cake/View/View.php, line 473
Controller::render() - CORE/Cake/Controller/Controller.php, line 963
Dispatcher::_invoke() - CORE/Cake/Routing/Dispatcher.php, line 200
Dispatcher::dispatch() - CORE/Cake/Routing/Dispatcher.php, line 167
[main] - APP/webroot/index.php, line 179

